[2025-07-03 03:03:35] ERROR: 2025-07-02T18:03:35.852Z - TypeError: tujuanController.getAllTujuan is not a function
    at E:\1. My App\React\ePeLARA\backend\routes\tujuanRoutes.js:25:37
    at Layer.handleRequest (E:\1. My App\React\ePeLARA\backend\node_modules\router\lib\layer.js:152:17)
    at next (E:\1. My App\React\ePeLARA\backend\node_modules\router\lib\route.js:157:13)
    at E:\1. My App\React\ePeLARA\backend\middlewares\allowRoles.js:38:7
    at Layer.handleRequest (E:\1. My App\React\ePeLARA\backend\node_modules\router\lib\layer.js:152:17)
    at next (E:\1. My App\React\ePeLARA\backend\node_modules\router\lib\route.js:157:13)
    at verifyToken (E:\1. My App\React\ePeLARA\backend\middlewares\verifyToken.js:31:5)
    at Layer.handleRequest (E:\1. My App\React\ePeLARA\backend\node_modules\router\lib\layer.js:152:17)
    at next (E:\1. My App\React\ePeLARA\backend\node_modules\router\lib\route.js:157:13)
    at Route.dispatch (E:\1. My App\React\ePeLARA\backend\node_modules\router\lib\route.js:117:3)
    at handle (E:\1. My App\React\ePeLARA\backend\node_modules\router\index.js:435:11)
    at Layer.handleRequest (E:\1. My App\React\ePeLARA\backend\node_modules\router\lib\layer.js:152:17)
    at E:\1. My App\React\ePeLARA\backend\node_modules\router\index.js:295:15
    at processParams (E:\1. My App\React\ePeLARA\backend\node_modules\router\index.js:582:12)
    at next (E:\1. My App\React\ePeLARA\backend\node_modules\router\index.js:291:5)
    at Function.handle (E:\1. My App\React\ePeLARA\backend\node_modules\router\index.js:186:3)
[2025-07-03 03:03:35] ERROR: GET /api/tujuan?page=1&limit=5&search= → tujuanController.getAllTujuan is not a function
[2025-07-03 03:03:35] ERROR: 2025-07-02T18:03:35.878Z - TypeError: tujuanController.getAllTujuan is not a function
    at E:\1. My App\React\ePeLARA\backend\routes\tujuanRoutes.js:25:37
    at Layer.handleRequest (E:\1. My App\React\ePeLARA\backend\node_modules\router\lib\layer.js:152:17)
    at next (E:\1. My App\React\ePeLARA\backend\node_modules\router\lib\route.js:157:13)
    at E:\1. My App\React\ePeLARA\backend\middlewares\allowRoles.js:38:7
    at Layer.handleRequest (E:\1. My App\React\ePeLARA\backend\node_modules\router\lib\layer.js:152:17)
    at next (E:\1. My App\React\ePeLARA\backend\node_modules\router\lib\route.js:157:13)
    at verifyToken (E:\1. My App\React\ePeLARA\backend\middlewares\verifyToken.js:31:5)
    at Layer.handleRequest (E:\1. My App\React\ePeLARA\backend\node_modules\router\lib\layer.js:152:17)
    at next (E:\1. My App\React\ePeLARA\backend\node_modules\router\lib\route.js:157:13)
    at Route.dispatch (E:\1. My App\React\ePeLARA\backend\node_modules\router\lib\route.js:117:3)
    at handle (E:\1. My App\React\ePeLARA\backend\node_modules\router\index.js:435:11)
    at Layer.handleRequest (E:\1. My App\React\ePeLARA\backend\node_modules\router\lib\layer.js:152:17)
    at E:\1. My App\React\ePeLARA\backend\node_modules\router\index.js:295:15
    at processParams (E:\1. My App\React\ePeLARA\backend\node_modules\router\index.js:582:12)
    at next (E:\1. My App\React\ePeLARA\backend\node_modules\router\index.js:291:5)
    at Function.handle (E:\1. My App\React\ePeLARA\backend\node_modules\router\index.js:186:3)
[2025-07-03 03:03:35] ERROR: GET /api/tujuan?page=1&limit=5&search= → tujuanController.getAllTujuan is not a function
[2025-07-03 03:06:43] ERROR: 2025-07-02T18:06:43.997Z - TypeError: tujuanController.getAllTujuan is not a function
    at E:\1. My App\React\ePeLARA\backend\routes\tujuanRoutes.js:25:37
    at Layer.handleRequest (E:\1. My App\React\ePeLARA\backend\node_modules\router\lib\layer.js:152:17)
    at next (E:\1. My App\React\ePeLARA\backend\node_modules\router\lib\route.js:157:13)
    at E:\1. My App\React\ePeLARA\backend\middlewares\allowRoles.js:38:7
    at Layer.handleRequest (E:\1. My App\React\ePeLARA\backend\node_modules\router\lib\layer.js:152:17)
    at next (E:\1. My App\React\ePeLARA\backend\node_modules\router\lib\route.js:157:13)
    at verifyToken (E:\1. My App\React\ePeLARA\backend\middlewares\verifyToken.js:31:5)
    at Layer.handleRequest (E:\1. My App\React\ePeLARA\backend\node_modules\router\lib\layer.js:152:17)
    at next (E:\1. My App\React\ePeLARA\backend\node_modules\router\lib\route.js:157:13)
    at Route.dispatch (E:\1. My App\React\ePeLARA\backend\node_modules\router\lib\route.js:117:3)
    at handle (E:\1. My App\React\ePeLARA\backend\node_modules\router\index.js:435:11)
    at Layer.handleRequest (E:\1. My App\React\ePeLARA\backend\node_modules\router\lib\layer.js:152:17)
    at E:\1. My App\React\ePeLARA\backend\node_modules\router\index.js:295:15
    at processParams (E:\1. My App\React\ePeLARA\backend\node_modules\router\index.js:582:12)
    at next (E:\1. My App\React\ePeLARA\backend\node_modules\router\index.js:291:5)
    at Function.handle (E:\1. My App\React\ePeLARA\backend\node_modules\router\index.js:186:3)
[2025-07-03 03:06:44] ERROR: GET /api/tujuan?page=1&limit=5&search= → tujuanController.getAllTujuan is not a function
[2025-07-03 03:06:44] ERROR: 2025-07-02T18:06:44.019Z - TypeError: tujuanController.getAllTujuan is not a function
    at E:\1. My App\React\ePeLARA\backend\routes\tujuanRoutes.js:25:37
    at Layer.handleRequest (E:\1. My App\React\ePeLARA\backend\node_modules\router\lib\layer.js:152:17)
    at next (E:\1. My App\React\ePeLARA\backend\node_modules\router\lib\route.js:157:13)
    at E:\1. My App\React\ePeLARA\backend\middlewares\allowRoles.js:38:7
    at Layer.handleRequest (E:\1. My App\React\ePeLARA\backend\node_modules\router\lib\layer.js:152:17)
    at next (E:\1. My App\React\ePeLARA\backend\node_modules\router\lib\route.js:157:13)
    at verifyToken (E:\1. My App\React\ePeLARA\backend\middlewares\verifyToken.js:31:5)
    at Layer.handleRequest (E:\1. My App\React\ePeLARA\backend\node_modules\router\lib\layer.js:152:17)
    at next (E:\1. My App\React\ePeLARA\backend\node_modules\router\lib\route.js:157:13)
    at Route.dispatch (E:\1. My App\React\ePeLARA\backend\node_modules\router\lib\route.js:117:3)
    at handle (E:\1. My App\React\ePeLARA\backend\node_modules\router\index.js:435:11)
    at Layer.handleRequest (E:\1. My App\React\ePeLARA\backend\node_modules\router\lib\layer.js:152:17)
    at E:\1. My App\React\ePeLARA\backend\node_modules\router\index.js:295:15
    at processParams (E:\1. My App\React\ePeLARA\backend\node_modules\router\index.js:582:12)
    at next (E:\1. My App\React\ePeLARA\backend\node_modules\router\index.js:291:5)
    at Function.handle (E:\1. My App\React\ePeLARA\backend\node_modules\router\index.js:186:3)
[2025-07-03 03:06:44] ERROR: GET /api/tujuan?page=1&limit=5&search= → tujuanController.getAllTujuan is not a function
[2025-07-06 11:00:54] ERROR: 2025-07-06T02:00:54.704Z - TypeError: tujuanController.getTujuanByMisi is not a function
    at E:\1. My App\React\ePeLARA\backend\routes\tujuanRoutes.js:16:39
    at Layer.handleRequest (E:\1. My App\React\ePeLARA\backend\node_modules\router\lib\layer.js:152:17)
    at next (E:\1. My App\React\ePeLARA\backend\node_modules\router\lib\route.js:157:13)
    at E:\1. My App\React\ePeLARA\backend\middlewares\allowRoles.js:38:7
    at Layer.handleRequest (E:\1. My App\React\ePeLARA\backend\node_modules\router\lib\layer.js:152:17)
    at next (E:\1. My App\React\ePeLARA\backend\node_modules\router\lib\route.js:157:13)
    at verifyToken (E:\1. My App\React\ePeLARA\backend\middlewares\verifyToken.js:31:5)
    at Layer.handleRequest (E:\1. My App\React\ePeLARA\backend\node_modules\router\lib\layer.js:152:17)
    at next (E:\1. My App\React\ePeLARA\backend\node_modules\router\lib\route.js:157:13)
    at Route.dispatch (E:\1. My App\React\ePeLARA\backend\node_modules\router\lib\route.js:117:3)
    at handle (E:\1. My App\React\ePeLARA\backend\node_modules\router\index.js:435:11)
    at Layer.handleRequest (E:\1. My App\React\ePeLARA\backend\node_modules\router\lib\layer.js:152:17)
    at E:\1. My App\React\ePeLARA\backend\node_modules\router\index.js:295:15
    at processParams (E:\1. My App\React\ePeLARA\backend\node_modules\router\index.js:582:12)
    at next (E:\1. My App\React\ePeLARA\backend\node_modules\router\index.js:291:5)
    at Function.handle (E:\1. My App\React\ePeLARA\backend\node_modules\router\index.js:186:3)
[2025-07-06 11:00:54] ERROR: GET /api/tujuan?misi_id=11&periode_id=2 → tujuanController.getTujuanByMisi is not a function
[2025-07-10 18:24:49] ERROR: 2025-07-10T09:24:49.169Z - PayloadTooLargeError: request entity too large
    at readStream (E:\1. My App\React\ePeLARA\backend\node_modules\raw-body\index.js:163:17)
    at getRawBody (E:\1. My App\React\ePeLARA\backend\node_modules\raw-body\index.js:116:12)
    at read (E:\1. My App\React\ePeLARA\backend\node_modules\body-parser\lib\read.js:74:3)
    at jsonParser (E:\1. My App\React\ePeLARA\backend\node_modules\body-parser\lib\types\json.js:125:5)
    at Layer.handleRequest (E:\1. My App\React\ePeLARA\backend\node_modules\router\lib\layer.js:152:17)
    at trimPrefix (E:\1. My App\React\ePeLARA\backend\node_modules\router\index.js:342:13)
    at E:\1. My App\React\ePeLARA\backend\node_modules\router\index.js:297:9
    at processParams (E:\1. My App\React\ePeLARA\backend\node_modules\router\index.js:582:12)
    at next (E:\1. My App\React\ePeLARA\backend\node_modules\router\index.js:291:5)
    at cors (E:\1. My App\React\ePeLARA\backend\node_modules\cors\lib\index.js:188:7)
    at E:\1. My App\React\ePeLARA\backend\node_modules\cors\lib\index.js:224:17
    at origin (E:\1. My App\React\ePeLARA\backend\server.js:142:14)
    at E:\1. My App\React\ePeLARA\backend\node_modules\cors\lib\index.js:219:13
    at optionsCallback (E:\1. My App\React\ePeLARA\backend\node_modules\cors\lib\index.js:199:9)
    at corsMiddleware (E:\1. My App\React\ePeLARA\backend\node_modules\cors\lib\index.js:204:7)
    at Layer.handleRequest (E:\1. My App\React\ePeLARA\backend\node_modules\router\lib\layer.js:152:17)
[2025-07-10 18:24:49] ERROR: POST /api/rekomendasi-ai → request entity too large
[2025-07-10 18:25:06] ERROR: 2025-07-10T09:25:06.528Z - PayloadTooLargeError: request entity too large
    at readStream (E:\1. My App\React\ePeLARA\backend\node_modules\raw-body\index.js:163:17)
    at getRawBody (E:\1. My App\React\ePeLARA\backend\node_modules\raw-body\index.js:116:12)
    at read (E:\1. My App\React\ePeLARA\backend\node_modules\body-parser\lib\read.js:74:3)
    at jsonParser (E:\1. My App\React\ePeLARA\backend\node_modules\body-parser\lib\types\json.js:125:5)
    at Layer.handleRequest (E:\1. My App\React\ePeLARA\backend\node_modules\router\lib\layer.js:152:17)
    at trimPrefix (E:\1. My App\React\ePeLARA\backend\node_modules\router\index.js:342:13)
    at E:\1. My App\React\ePeLARA\backend\node_modules\router\index.js:297:9
    at processParams (E:\1. My App\React\ePeLARA\backend\node_modules\router\index.js:582:12)
    at next (E:\1. My App\React\ePeLARA\backend\node_modules\router\index.js:291:5)
    at cors (E:\1. My App\React\ePeLARA\backend\node_modules\cors\lib\index.js:188:7)
    at E:\1. My App\React\ePeLARA\backend\node_modules\cors\lib\index.js:224:17
    at origin (E:\1. My App\React\ePeLARA\backend\server.js:142:14)
    at E:\1. My App\React\ePeLARA\backend\node_modules\cors\lib\index.js:219:13
    at optionsCallback (E:\1. My App\React\ePeLARA\backend\node_modules\cors\lib\index.js:199:9)
    at corsMiddleware (E:\1. My App\React\ePeLARA\backend\node_modules\cors\lib\index.js:204:7)
    at Layer.handleRequest (E:\1. My App\React\ePeLARA\backend\node_modules\router\lib\layer.js:152:17)
[2025-07-10 18:25:06] ERROR: POST /api/rekomendasi-ai → request entity too large
[2025-07-10 18:26:23] ERROR: 2025-07-10T09:26:23.387Z - PayloadTooLargeError: request entity too large
    at readStream (E:\1. My App\React\ePeLARA\backend\node_modules\raw-body\index.js:163:17)
    at getRawBody (E:\1. My App\React\ePeLARA\backend\node_modules\raw-body\index.js:116:12)
    at read (E:\1. My App\React\ePeLARA\backend\node_modules\body-parser\lib\read.js:74:3)
    at jsonParser (E:\1. My App\React\ePeLARA\backend\node_modules\body-parser\lib\types\json.js:125:5)
    at Layer.handleRequest (E:\1. My App\React\ePeLARA\backend\node_modules\router\lib\layer.js:152:17)
    at trimPrefix (E:\1. My App\React\ePeLARA\backend\node_modules\router\index.js:342:13)
    at E:\1. My App\React\ePeLARA\backend\node_modules\router\index.js:297:9
    at processParams (E:\1. My App\React\ePeLARA\backend\node_modules\router\index.js:582:12)
    at next (E:\1. My App\React\ePeLARA\backend\node_modules\router\index.js:291:5)
    at cors (E:\1. My App\React\ePeLARA\backend\node_modules\cors\lib\index.js:188:7)
    at E:\1. My App\React\ePeLARA\backend\node_modules\cors\lib\index.js:224:17
    at origin (E:\1. My App\React\ePeLARA\backend\server.js:142:14)
    at E:\1. My App\React\ePeLARA\backend\node_modules\cors\lib\index.js:219:13
    at optionsCallback (E:\1. My App\React\ePeLARA\backend\node_modules\cors\lib\index.js:199:9)
    at corsMiddleware (E:\1. My App\React\ePeLARA\backend\node_modules\cors\lib\index.js:204:7)
    at Layer.handleRequest (E:\1. My App\React\ePeLARA\backend\node_modules\router\lib\layer.js:152:17)
[2025-07-10 18:26:23] ERROR: POST /api/rekomendasi-ai → request entity too large
[2025-07-20 13:05:47] ERROR: 2025-07-20T04:05:47.680Z - SyntaxError: Expected property name or '}' in JSON at position 1
    at JSON.parse (<anonymous>)
    at parse (E:\1. My App\React\ePeLARA\backend\node_modules\body-parser\lib\types\json.js:77:19)
    at E:\1. My App\React\ePeLARA\backend\node_modules\body-parser\lib\read.js:123:18
    at AsyncResource.runInAsyncScope (node:async_hooks:206:9)
    at invokeCallback (E:\1. My App\React\ePeLARA\backend\node_modules\raw-body\index.js:238:16)
    at done (E:\1. My App\React\ePeLARA\backend\node_modules\raw-body\index.js:227:7)
    at IncomingMessage.onEnd (E:\1. My App\React\ePeLARA\backend\node_modules\raw-body\index.js:287:7)
    at IncomingMessage.emit (node:events:518:28)
    at endReadableNT (node:internal/streams/readable:1696:12)
    at process.processTicksAndRejections (node:internal/process/task_queues:82:21)
[2025-07-20 13:05:47] ERROR: PUT /api/program/13 → Expected property name or '}' in JSON at position 1
[2025-07-27 20:00:48] ERROR: 2025-07-27T11:00:48.049Z - Error: WHERE parameter "strategi_id" has invalid "undefined" value
    at MySQLQueryGenerator.whereItemQuery (E:\1. My App\React\ePeLARA\backend\node_modules\sequelize\lib\dialects\abstract\query-generator.js:1746:13)
    at E:\1. My App\React\ePeLARA\backend\node_modules\sequelize\lib\dialects\abstract\query-generator.js:1737:25
    at Array.forEach (<anonymous>)
    at MySQLQueryGenerator.whereItemsQuery (E:\1. My App\React\ePeLARA\backend\node_modules\sequelize\lib\dialects\abstract\query-generator.js:1735:35)
    at MySQLQueryGenerator.getWhereConditions (E:\1. My App\React\ePeLARA\backend\node_modules\sequelize\lib\dialects\abstract\query-generator.js:2078:19)
    at MySQLQueryGenerator.selectQuery (E:\1. My App\React\ePeLARA\backend\node_modules\sequelize\lib\dialects\abstract\query-generator.js:991:28)
    at MySQLQueryInterface.select (E:\1. My App\React\ePeLARA\backend\node_modules\sequelize\lib\dialects\abstract\query-interface.js:407:59)
    at Cascading.findAll (E:\1. My App\React\ePeLARA\backend\node_modules\sequelize\lib\model.js:1140:47)
    at process.processTicksAndRejections (node:internal/process/task_queues:95:5)
    at async Cascading.findOne (E:\1. My App\React\ePeLARA\backend\node_modules\sequelize\lib\model.js:1240:12)
    at async exports.create (E:\1. My App\React\ePeLARA\backend\controllers\cascadingController.js:97:20)
[2025-07-27 20:00:48] ERROR: POST /api/cascading → WHERE parameter "strategi_id" has invalid "undefined" value
[2025-07-27 20:01:55] ERROR: 2025-07-27T11:01:55.107Z - Error: WHERE parameter "strategi_id" has invalid "undefined" value
    at MySQLQueryGenerator.whereItemQuery (E:\1. My App\React\ePeLARA\backend\node_modules\sequelize\lib\dialects\abstract\query-generator.js:1746:13)
    at E:\1. My App\React\ePeLARA\backend\node_modules\sequelize\lib\dialects\abstract\query-generator.js:1737:25
    at Array.forEach (<anonymous>)
    at MySQLQueryGenerator.whereItemsQuery (E:\1. My App\React\ePeLARA\backend\node_modules\sequelize\lib\dialects\abstract\query-generator.js:1735:35)
    at MySQLQueryGenerator.getWhereConditions (E:\1. My App\React\ePeLARA\backend\node_modules\sequelize\lib\dialects\abstract\query-generator.js:2078:19)
    at MySQLQueryGenerator.selectQuery (E:\1. My App\React\ePeLARA\backend\node_modules\sequelize\lib\dialects\abstract\query-generator.js:991:28)
    at MySQLQueryInterface.select (E:\1. My App\React\ePeLARA\backend\node_modules\sequelize\lib\dialects\abstract\query-interface.js:407:59)
    at Cascading.findAll (E:\1. My App\React\ePeLARA\backend\node_modules\sequelize\lib\model.js:1140:47)
    at process.processTicksAndRejections (node:internal/process/task_queues:95:5)
    at async Cascading.findOne (E:\1. My App\React\ePeLARA\backend\node_modules\sequelize\lib\model.js:1240:12)
    at async exports.create (E:\1. My App\React\ePeLARA\backend\controllers\cascadingController.js:97:20)
[2025-07-27 20:01:55] ERROR: POST /api/cascading → WHERE parameter "strategi_id" has invalid "undefined" value
[2025-07-27 20:05:01] ERROR: 2025-07-27T11:05:01.458Z - Error: WHERE parameter "strategi_id" has invalid "undefined" value
    at MySQLQueryGenerator.whereItemQuery (E:\1. My App\React\ePeLARA\backend\node_modules\sequelize\lib\dialects\abstract\query-generator.js:1746:13)
    at E:\1. My App\React\ePeLARA\backend\node_modules\sequelize\lib\dialects\abstract\query-generator.js:1737:25
    at Array.forEach (<anonymous>)
    at MySQLQueryGenerator.whereItemsQuery (E:\1. My App\React\ePeLARA\backend\node_modules\sequelize\lib\dialects\abstract\query-generator.js:1735:35)
    at MySQLQueryGenerator.getWhereConditions (E:\1. My App\React\ePeLARA\backend\node_modules\sequelize\lib\dialects\abstract\query-generator.js:2078:19)
    at MySQLQueryGenerator.selectQuery (E:\1. My App\React\ePeLARA\backend\node_modules\sequelize\lib\dialects\abstract\query-generator.js:991:28)
    at MySQLQueryInterface.select (E:\1. My App\React\ePeLARA\backend\node_modules\sequelize\lib\dialects\abstract\query-interface.js:407:59)
    at Cascading.findAll (E:\1. My App\React\ePeLARA\backend\node_modules\sequelize\lib\model.js:1140:47)
    at process.processTicksAndRejections (node:internal/process/task_queues:95:5)
    at async Cascading.findOne (E:\1. My App\React\ePeLARA\backend\node_modules\sequelize\lib\model.js:1240:12)
    at async exports.create (E:\1. My App\React\ePeLARA\backend\controllers\cascadingController.js:97:20)
[2025-07-27 20:05:01] ERROR: POST /api/cascading → WHERE parameter "strategi_id" has invalid "undefined" value
[2025-07-27 20:08:46] ERROR: 2025-07-27T11:08:46.256Z - Error: WHERE parameter "strategi_id" has invalid "undefined" value
    at MySQLQueryGenerator.whereItemQuery (E:\1. My App\React\ePeLARA\backend\node_modules\sequelize\lib\dialects\abstract\query-generator.js:1746:13)
    at E:\1. My App\React\ePeLARA\backend\node_modules\sequelize\lib\dialects\abstract\query-generator.js:1737:25
    at Array.forEach (<anonymous>)
    at MySQLQueryGenerator.whereItemsQuery (E:\1. My App\React\ePeLARA\backend\node_modules\sequelize\lib\dialects\abstract\query-generator.js:1735:35)
    at MySQLQueryGenerator.getWhereConditions (E:\1. My App\React\ePeLARA\backend\node_modules\sequelize\lib\dialects\abstract\query-generator.js:2078:19)
    at MySQLQueryGenerator.selectQuery (E:\1. My App\React\ePeLARA\backend\node_modules\sequelize\lib\dialects\abstract\query-generator.js:991:28)
    at MySQLQueryInterface.select (E:\1. My App\React\ePeLARA\backend\node_modules\sequelize\lib\dialects\abstract\query-interface.js:407:59)
    at Cascading.findAll (E:\1. My App\React\ePeLARA\backend\node_modules\sequelize\lib\model.js:1140:47)
    at process.processTicksAndRejections (node:internal/process/task_queues:95:5)
    at async Cascading.findOne (E:\1. My App\React\ePeLARA\backend\node_modules\sequelize\lib\model.js:1240:12)
    at async exports.create (E:\1. My App\React\ePeLARA\backend\controllers\cascadingController.js:97:20)
[2025-07-27 20:08:46] ERROR: POST /api/cascading → WHERE parameter "strategi_id" has invalid "undefined" value
[2025-07-27 20:14:20] ERROR: 2025-07-27T11:14:20.214Z - Error: WHERE parameter "strategi_id" has invalid "undefined" value
    at MySQLQueryGenerator.whereItemQuery (E:\1. My App\React\ePeLARA\backend\node_modules\sequelize\lib\dialects\abstract\query-generator.js:1746:13)
    at E:\1. My App\React\ePeLARA\backend\node_modules\sequelize\lib\dialects\abstract\query-generator.js:1737:25
    at Array.forEach (<anonymous>)
    at MySQLQueryGenerator.whereItemsQuery (E:\1. My App\React\ePeLARA\backend\node_modules\sequelize\lib\dialects\abstract\query-generator.js:1735:35)
    at MySQLQueryGenerator.getWhereConditions (E:\1. My App\React\ePeLARA\backend\node_modules\sequelize\lib\dialects\abstract\query-generator.js:2078:19)
    at MySQLQueryGenerator.selectQuery (E:\1. My App\React\ePeLARA\backend\node_modules\sequelize\lib\dialects\abstract\query-generator.js:991:28)
    at MySQLQueryInterface.select (E:\1. My App\React\ePeLARA\backend\node_modules\sequelize\lib\dialects\abstract\query-interface.js:407:59)
    at Cascading.findAll (E:\1. My App\React\ePeLARA\backend\node_modules\sequelize\lib\model.js:1140:47)
    at process.processTicksAndRejections (node:internal/process/task_queues:95:5)
    at async Cascading.findOne (E:\1. My App\React\ePeLARA\backend\node_modules\sequelize\lib\model.js:1240:12)
    at async exports.create (E:\1. My App\React\ePeLARA\backend\controllers\cascadingController.js:97:20)
[2025-07-27 20:14:20] ERROR: POST /api/cascading → WHERE parameter "strategi_id" has invalid "undefined" value
[2025-07-27 20:21:18] ERROR: 2025-07-27T11:21:18.839Z - Error: WHERE parameter "strategi_id" has invalid "undefined" value
    at MySQLQueryGenerator.whereItemQuery (E:\1. My App\React\ePeLARA\backend\node_modules\sequelize\lib\dialects\abstract\query-generator.js:1746:13)
    at E:\1. My App\React\ePeLARA\backend\node_modules\sequelize\lib\dialects\abstract\query-generator.js:1737:25
    at Array.forEach (<anonymous>)
    at MySQLQueryGenerator.whereItemsQuery (E:\1. My App\React\ePeLARA\backend\node_modules\sequelize\lib\dialects\abstract\query-generator.js:1735:35)
    at MySQLQueryGenerator.getWhereConditions (E:\1. My App\React\ePeLARA\backend\node_modules\sequelize\lib\dialects\abstract\query-generator.js:2078:19)
    at MySQLQueryGenerator.selectQuery (E:\1. My App\React\ePeLARA\backend\node_modules\sequelize\lib\dialects\abstract\query-generator.js:991:28)
    at MySQLQueryInterface.select (E:\1. My App\React\ePeLARA\backend\node_modules\sequelize\lib\dialects\abstract\query-interface.js:407:59)
    at Cascading.findAll (E:\1. My App\React\ePeLARA\backend\node_modules\sequelize\lib\model.js:1140:47)
    at process.processTicksAndRejections (node:internal/process/task_queues:95:5)
    at async Cascading.findOne (E:\1. My App\React\ePeLARA\backend\node_modules\sequelize\lib\model.js:1240:12)
    at async exports.create (E:\1. My App\React\ePeLARA\backend\controllers\cascadingController.js:97:20)
[2025-07-27 20:21:18] ERROR: POST /api/cascading → WHERE parameter "strategi_id" has invalid "undefined" value
[2025-07-27 20:26:12] ERROR: 2025-07-27T11:26:12.158Z - Error: WHERE parameter "strategi_id" has invalid "undefined" value
    at MySQLQueryGenerator.whereItemQuery (E:\1. My App\React\ePeLARA\backend\node_modules\sequelize\lib\dialects\abstract\query-generator.js:1746:13)
    at E:\1. My App\React\ePeLARA\backend\node_modules\sequelize\lib\dialects\abstract\query-generator.js:1737:25
    at Array.forEach (<anonymous>)
    at MySQLQueryGenerator.whereItemsQuery (E:\1. My App\React\ePeLARA\backend\node_modules\sequelize\lib\dialects\abstract\query-generator.js:1735:35)
    at MySQLQueryGenerator.getWhereConditions (E:\1. My App\React\ePeLARA\backend\node_modules\sequelize\lib\dialects\abstract\query-generator.js:2078:19)
    at MySQLQueryGenerator.selectQuery (E:\1. My App\React\ePeLARA\backend\node_modules\sequelize\lib\dialects\abstract\query-generator.js:991:28)
    at MySQLQueryInterface.select (E:\1. My App\React\ePeLARA\backend\node_modules\sequelize\lib\dialects\abstract\query-interface.js:407:59)
    at Cascading.findAll (E:\1. My App\React\ePeLARA\backend\node_modules\sequelize\lib\model.js:1140:47)
    at process.processTicksAndRejections (node:internal/process/task_queues:95:5)
    at async Cascading.findOne (E:\1. My App\React\ePeLARA\backend\node_modules\sequelize\lib\model.js:1240:12)
    at async exports.create (E:\1. My App\React\ePeLARA\backend\controllers\cascadingController.js:97:20)
[2025-07-27 20:26:12] ERROR: POST /api/cascading → WHERE parameter "strategi_id" has invalid "undefined" value
[2025-07-27 21:16:30] ERROR: 2025-07-27T12:16:30.644Z - Error: WHERE parameter "strategi_id" has invalid "undefined" value
    at MySQLQueryGenerator.whereItemQuery (E:\1. My App\React\ePeLARA\backend\node_modules\sequelize\lib\dialects\abstract\query-generator.js:1746:13)
    at E:\1. My App\React\ePeLARA\backend\node_modules\sequelize\lib\dialects\abstract\query-generator.js:1737:25
    at Array.forEach (<anonymous>)
    at MySQLQueryGenerator.whereItemsQuery (E:\1. My App\React\ePeLARA\backend\node_modules\sequelize\lib\dialects\abstract\query-generator.js:1735:35)
    at MySQLQueryGenerator.getWhereConditions (E:\1. My App\React\ePeLARA\backend\node_modules\sequelize\lib\dialects\abstract\query-generator.js:2078:19)
    at MySQLQueryGenerator.selectQuery (E:\1. My App\React\ePeLARA\backend\node_modules\sequelize\lib\dialects\abstract\query-generator.js:991:28)
    at MySQLQueryInterface.select (E:\1. My App\React\ePeLARA\backend\node_modules\sequelize\lib\dialects\abstract\query-interface.js:407:59)
    at Cascading.findAll (E:\1. My App\React\ePeLARA\backend\node_modules\sequelize\lib\model.js:1140:47)
    at process.processTicksAndRejections (node:internal/process/task_queues:95:5)
    at async Cascading.findOne (E:\1. My App\React\ePeLARA\backend\node_modules\sequelize\lib\model.js:1240:12)
    at async exports.create (E:\1. My App\React\ePeLARA\backend\controllers\cascadingController.js:98:20)
[2025-07-27 21:16:30] ERROR: POST /api/cascading → WHERE parameter "strategi_id" has invalid "undefined" value
[2025-07-31 22:04:22] ERROR: 2025-07-31T13:04:22.624Z - Error
    at Query.run (E:\1. My App\React\ePeLARA\backend\node_modules\sequelize\lib\dialects\mysql\query.js:52:25)
    at E:\1. My App\React\ePeLARA\backend\node_modules\sequelize\lib\sequelize.js:315:28
    at process.processTicksAndRejections (node:internal/process/task_queues:95:5)
    at async MySQLQueryInterface.rawSelect (E:\1. My App\React\ePeLARA\backend\node_modules\sequelize\lib\dialects\abstract\query-interface.js:434:18)
    at async Indikator.aggregate (E:\1. My App\React\ePeLARA\backend\node_modules\sequelize\lib\model.js:1277:19)
    at async Indikator.count (E:\1. My App\React\ePeLARA\backend\node_modules\sequelize\lib\model.js:1306:20)
    at async countIndikatorWizard (E:\1. My App\React\ePeLARA\backend\controllers\indikatorWizardController.js:36:19)
[2025-07-31 22:04:22] ERROR: GET /api/indikator-wizard/count?limit=1&jenis_dokumen=rpjmd&tahun=2025&periode_id=2 → Table 'db_epelara.indikator' doesn't exist
[2025-07-31 22:04:22] ERROR: 2025-07-31T13:04:22.747Z - Error
    at Query.run (E:\1. My App\React\ePeLARA\backend\node_modules\sequelize\lib\dialects\mysql\query.js:52:25)
    at E:\1. My App\React\ePeLARA\backend\node_modules\sequelize\lib\sequelize.js:315:28
    at process.processTicksAndRejections (node:internal/process/task_queues:95:5)
    at async MySQLQueryInterface.rawSelect (E:\1. My App\React\ePeLARA\backend\node_modules\sequelize\lib\dialects\abstract\query-interface.js:434:18)
    at async Indikator.aggregate (E:\1. My App\React\ePeLARA\backend\node_modules\sequelize\lib\model.js:1277:19)
    at async Indikator.count (E:\1. My App\React\ePeLARA\backend\node_modules\sequelize\lib\model.js:1306:20)
    at async countIndikatorWizard (E:\1. My App\React\ePeLARA\backend\controllers\indikatorWizardController.js:36:19)
[2025-07-31 22:04:22] ERROR: GET /api/indikator-wizard/count?limit=1&jenis_dokumen=rpjmd&tahun=2025&periode_id=2 → Table 'db_epelara.indikator' doesn't exist
[2025-07-31 22:05:08] ERROR: 2025-07-31T13:05:08.035Z - Error
    at Query.run (E:\1. My App\React\ePeLARA\backend\node_modules\sequelize\lib\dialects\mysql\query.js:52:25)
    at E:\1. My App\React\ePeLARA\backend\node_modules\sequelize\lib\sequelize.js:315:28
    at process.processTicksAndRejections (node:internal/process/task_queues:95:5)
    at async MySQLQueryInterface.rawSelect (E:\1. My App\React\ePeLARA\backend\node_modules\sequelize\lib\dialects\abstract\query-interface.js:434:18)
    at async Indikator.aggregate (E:\1. My App\React\ePeLARA\backend\node_modules\sequelize\lib\model.js:1277:19)
    at async Indikator.count (E:\1. My App\React\ePeLARA\backend\node_modules\sequelize\lib\model.js:1306:20)
    at async countIndikatorWizard (E:\1. My App\React\ePeLARA\backend\controllers\indikatorWizardController.js:36:19)
[2025-07-31 22:05:08] ERROR: GET /api/indikator-wizard/count?limit=1&jenis_dokumen=rpjmd&tahun=2025&periode_id=2 → Table 'db_epelara.indikator' doesn't exist
[2025-07-31 22:05:08] ERROR: 2025-07-31T13:05:08.229Z - Error
    at Query.run (E:\1. My App\React\ePeLARA\backend\node_modules\sequelize\lib\dialects\mysql\query.js:52:25)
    at E:\1. My App\React\ePeLARA\backend\node_modules\sequelize\lib\sequelize.js:315:28
    at process.processTicksAndRejections (node:internal/process/task_queues:95:5)
    at async MySQLQueryInterface.rawSelect (E:\1. My App\React\ePeLARA\backend\node_modules\sequelize\lib\dialects\abstract\query-interface.js:434:18)
    at async Indikator.aggregate (E:\1. My App\React\ePeLARA\backend\node_modules\sequelize\lib\model.js:1277:19)
    at async Indikator.count (E:\1. My App\React\ePeLARA\backend\node_modules\sequelize\lib\model.js:1306:20)
    at async countIndikatorWizard (E:\1. My App\React\ePeLARA\backend\controllers\indikatorWizardController.js:36:19)
[2025-07-31 22:05:08] ERROR: GET /api/indikator-wizard/count?limit=1&jenis_dokumen=rpjmd&tahun=2025&periode_id=2 → Table 'db_epelara.indikator' doesn't exist
[2025-07-31 22:06:19] ERROR: 2025-07-31T13:06:19.864Z - Error
    at Query.run (E:\1. My App\React\ePeLARA\backend\node_modules\sequelize\lib\dialects\mysql\query.js:52:25)
    at E:\1. My App\React\ePeLARA\backend\node_modules\sequelize\lib\sequelize.js:315:28
    at process.processTicksAndRejections (node:internal/process/task_queues:95:5)
    at async MySQLQueryInterface.rawSelect (E:\1. My App\React\ePeLARA\backend\node_modules\sequelize\lib\dialects\abstract\query-interface.js:434:18)
    at async Indikator.aggregate (E:\1. My App\React\ePeLARA\backend\node_modules\sequelize\lib\model.js:1277:19)
    at async Indikator.count (E:\1. My App\React\ePeLARA\backend\node_modules\sequelize\lib\model.js:1306:20)
    at async countIndikatorWizard (E:\1. My App\React\ePeLARA\backend\controllers\indikatorWizardController.js:36:19)
[2025-07-31 22:06:19] ERROR: GET /api/indikator-wizard/count?limit=1&jenis_dokumen=rpjmd&tahun=2025&periode_id=2 → Table 'db_epelara.indikator' doesn't exist
[2025-07-31 22:06:19] ERROR: 2025-07-31T13:06:19.982Z - Error
    at Query.run (E:\1. My App\React\ePeLARA\backend\node_modules\sequelize\lib\dialects\mysql\query.js:52:25)
    at E:\1. My App\React\ePeLARA\backend\node_modules\sequelize\lib\sequelize.js:315:28
    at process.processTicksAndRejections (node:internal/process/task_queues:95:5)
    at async MySQLQueryInterface.rawSelect (E:\1. My App\React\ePeLARA\backend\node_modules\sequelize\lib\dialects\abstract\query-interface.js:434:18)
    at async Indikator.aggregate (E:\1. My App\React\ePeLARA\backend\node_modules\sequelize\lib\model.js:1277:19)
    at async Indikator.count (E:\1. My App\React\ePeLARA\backend\node_modules\sequelize\lib\model.js:1306:20)
    at async countIndikatorWizard (E:\1. My App\React\ePeLARA\backend\controllers\indikatorWizardController.js:36:19)
[2025-07-31 22:06:19] ERROR: GET /api/indikator-wizard/count?limit=1&jenis_dokumen=rpjmd&tahun=2025&periode_id=2 → Table 'db_epelara.indikator' doesn't exist
[2025-07-31 22:11:03] ERROR: 2025-07-31T13:11:03.635Z - Error
    at Query.run (E:\1. My App\React\ePeLARA\backend\node_modules\sequelize\lib\dialects\mysql\query.js:52:25)
    at E:\1. My App\React\ePeLARA\backend\node_modules\sequelize\lib\sequelize.js:315:28
    at process.processTicksAndRejections (node:internal/process/task_queues:95:5)
    at async MySQLQueryInterface.rawSelect (E:\1. My App\React\ePeLARA\backend\node_modules\sequelize\lib\dialects\abstract\query-interface.js:434:18)
    at async Indikator.aggregate (E:\1. My App\React\ePeLARA\backend\node_modules\sequelize\lib\model.js:1277:19)
    at async Indikator.count (E:\1. My App\React\ePeLARA\backend\node_modules\sequelize\lib\model.js:1306:20)
    at async countIndikatorWizard (E:\1. My App\React\ePeLARA\backend\controllers\indikatorWizardController.js:36:19)
[2025-07-31 22:11:03] ERROR: GET /api/indikator-wizard/count?limit=1&jenis_dokumen=rpjmd&tahun=2025&periode_id=2 → Table 'db_epelara.indikator' doesn't exist
[2025-07-31 22:11:03] ERROR: 2025-07-31T13:11:03.814Z - Error
    at Query.run (E:\1. My App\React\ePeLARA\backend\node_modules\sequelize\lib\dialects\mysql\query.js:52:25)
    at E:\1. My App\React\ePeLARA\backend\node_modules\sequelize\lib\sequelize.js:315:28
    at process.processTicksAndRejections (node:internal/process/task_queues:95:5)
    at async MySQLQueryInterface.rawSelect (E:\1. My App\React\ePeLARA\backend\node_modules\sequelize\lib\dialects\abstract\query-interface.js:434:18)
    at async Indikator.aggregate (E:\1. My App\React\ePeLARA\backend\node_modules\sequelize\lib\model.js:1277:19)
    at async Indikator.count (E:\1. My App\React\ePeLARA\backend\node_modules\sequelize\lib\model.js:1306:20)
    at async countIndikatorWizard (E:\1. My App\React\ePeLARA\backend\controllers\indikatorWizardController.js:36:19)
[2025-07-31 22:11:03] ERROR: GET /api/indikator-wizard/count?limit=1&jenis_dokumen=rpjmd&tahun=2025&periode_id=2 → Table 'db_epelara.indikator' doesn't exist
[2025-08-02 09:53:31] ERROR: 2025-08-02T00:53:31.395Z - Error
    at Query.run (E:\1. My App\React\ePeLARA\backend\node_modules\sequelize\lib\dialects\mysql\query.js:52:25)
    at E:\1. My App\React\ePeLARA\backend\node_modules\sequelize\lib\sequelize.js:315:28
    at process.processTicksAndRejections (node:internal/process/task_queues:95:5)
    at async MySQLQueryInterface.rawSelect (E:\1. My App\React\ePeLARA\backend\node_modules\sequelize\lib\dialects\abstract\query-interface.js:434:18)
    at async Indikator.aggregate (E:\1. My App\React\ePeLARA\backend\node_modules\sequelize\lib\model.js:1277:19)
    at async Indikator.count (E:\1. My App\React\ePeLARA\backend\node_modules\sequelize\lib\model.js:1306:20)
    at async countIndikatorWizard (E:\1. My App\React\ePeLARA\backend\controllers\indikatorWizardController.js:36:19)
[2025-08-02 09:53:31] ERROR: GET /api/indikator-wizard/count?limit=1&jenis_dokumen=rpjmd&tahun=2025&periode_id=2 → Table 'db_epelara.indikator' doesn't exist
[2025-08-02 09:53:31] ERROR: 2025-08-02T00:53:31.785Z - Error
    at Query.run (E:\1. My App\React\ePeLARA\backend\node_modules\sequelize\lib\dialects\mysql\query.js:52:25)
    at E:\1. My App\React\ePeLARA\backend\node_modules\sequelize\lib\sequelize.js:315:28
    at process.processTicksAndRejections (node:internal/process/task_queues:95:5)
    at async MySQLQueryInterface.rawSelect (E:\1. My App\React\ePeLARA\backend\node_modules\sequelize\lib\dialects\abstract\query-interface.js:434:18)
    at async Indikator.aggregate (E:\1. My App\React\ePeLARA\backend\node_modules\sequelize\lib\model.js:1277:19)
    at async Indikator.count (E:\1. My App\React\ePeLARA\backend\node_modules\sequelize\lib\model.js:1306:20)
    at async countIndikatorWizard (E:\1. My App\React\ePeLARA\backend\controllers\indikatorWizardController.js:36:19)
[2025-08-02 09:53:31] ERROR: GET /api/indikator-wizard/count?limit=1&jenis_dokumen=rpjmd&tahun=2025&periode_id=2 → Table 'db_epelara.indikator' doesn't exist
[2025-08-07 12:05:27] ERROR: 2025-08-07T03:05:27.179Z - ReferenceError: getPeriodeFromTahun is not defined
    at exports.list (E:\1. My App\React\ePeLARA\backend\controllers\cascadingController.js:69:19)
    at Layer.handleRequest (E:\1. My App\React\ePeLARA\backend\node_modules\router\lib\layer.js:152:17)
    at next (E:\1. My App\React\ePeLARA\backend\node_modules\router\lib\route.js:157:13)
    at E:\1. My App\React\ePeLARA\backend\middlewares\allowRoles.js:35:7
    at Layer.handleRequest (E:\1. My App\React\ePeLARA\backend\node_modules\router\lib\layer.js:152:17)
    at next (E:\1. My App\React\ePeLARA\backend\node_modules\router\lib\route.js:157:13)
    at verifyToken (E:\1. My App\React\ePeLARA\backend\middlewares\verifyToken.js:32:5)
    at Layer.handleRequest (E:\1. My App\React\ePeLARA\backend\node_modules\router\lib\layer.js:152:17)
    at next (E:\1. My App\React\ePeLARA\backend\node_modules\router\lib\route.js:157:13)
    at Route.dispatch (E:\1. My App\React\ePeLARA\backend\node_modules\router\lib\route.js:117:3)
    at handle (E:\1. My App\React\ePeLARA\backend\node_modules\router\index.js:435:11)
    at Layer.handleRequest (E:\1. My App\React\ePeLARA\backend\node_modules\router\lib\layer.js:152:17)
    at E:\1. My App\React\ePeLARA\backend\node_modules\router\index.js:295:15
    at processParams (E:\1. My App\React\ePeLARA\backend\node_modules\router\index.js:582:12)
    at next (E:\1. My App\React\ePeLARA\backend\node_modules\router\index.js:291:5)
    at Function.handle (E:\1. My App\React\ePeLARA\backend\node_modules\router\index.js:186:3)
[2025-08-07 12:05:27] ERROR: GET /api/cascading?jenis_dokumen=rpjmd&tahun=2025&limit=9999 → getPeriodeFromTahun is not defined
[2025-08-07 12:05:27] ERROR: 2025-08-07T03:05:27.646Z - ReferenceError: getPeriodeFromTahun is not defined
    at exports.list (E:\1. My App\React\ePeLARA\backend\controllers\cascadingController.js:69:19)
    at Layer.handleRequest (E:\1. My App\React\ePeLARA\backend\node_modules\router\lib\layer.js:152:17)
    at next (E:\1. My App\React\ePeLARA\backend\node_modules\router\lib\route.js:157:13)
    at E:\1. My App\React\ePeLARA\backend\middlewares\allowRoles.js:35:7
    at Layer.handleRequest (E:\1. My App\React\ePeLARA\backend\node_modules\router\lib\layer.js:152:17)
    at next (E:\1. My App\React\ePeLARA\backend\node_modules\router\lib\route.js:157:13)
    at verifyToken (E:\1. My App\React\ePeLARA\backend\middlewares\verifyToken.js:32:5)
    at Layer.handleRequest (E:\1. My App\React\ePeLARA\backend\node_modules\router\lib\layer.js:152:17)
    at next (E:\1. My App\React\ePeLARA\backend\node_modules\router\lib\route.js:157:13)
    at Route.dispatch (E:\1. My App\React\ePeLARA\backend\node_modules\router\lib\route.js:117:3)
    at handle (E:\1. My App\React\ePeLARA\backend\node_modules\router\index.js:435:11)
    at Layer.handleRequest (E:\1. My App\React\ePeLARA\backend\node_modules\router\lib\layer.js:152:17)
    at E:\1. My App\React\ePeLARA\backend\node_modules\router\index.js:295:15
    at processParams (E:\1. My App\React\ePeLARA\backend\node_modules\router\index.js:582:12)
    at next (E:\1. My App\React\ePeLARA\backend\node_modules\router\index.js:291:5)
    at Function.handle (E:\1. My App\React\ePeLARA\backend\node_modules\router\index.js:186:3)
[2025-08-07 12:05:27] ERROR: GET /api/cascading?limit=1&jenis_dokumen=rpjmd&tahun=2025&periode_id=2 → getPeriodeFromTahun is not defined
[2025-08-07 12:05:27] ERROR: 2025-08-07T03:05:27.705Z - ReferenceError: getPeriodeFromTahun is not defined
    at exports.list (E:\1. My App\React\ePeLARA\backend\controllers\cascadingController.js:69:19)
    at Layer.handleRequest (E:\1. My App\React\ePeLARA\backend\node_modules\router\lib\layer.js:152:17)
    at next (E:\1. My App\React\ePeLARA\backend\node_modules\router\lib\route.js:157:13)
    at E:\1. My App\React\ePeLARA\backend\middlewares\allowRoles.js:35:7
    at Layer.handleRequest (E:\1. My App\React\ePeLARA\backend\node_modules\router\lib\layer.js:152:17)
    at next (E:\1. My App\React\ePeLARA\backend\node_modules\router\lib\route.js:157:13)
    at verifyToken (E:\1. My App\React\ePeLARA\backend\middlewares\verifyToken.js:32:5)
    at Layer.handleRequest (E:\1. My App\React\ePeLARA\backend\node_modules\router\lib\layer.js:152:17)
    at next (E:\1. My App\React\ePeLARA\backend\node_modules\router\lib\route.js:157:13)
    at Route.dispatch (E:\1. My App\React\ePeLARA\backend\node_modules\router\lib\route.js:117:3)
    at handle (E:\1. My App\React\ePeLARA\backend\node_modules\router\index.js:435:11)
    at Layer.handleRequest (E:\1. My App\React\ePeLARA\backend\node_modules\router\lib\layer.js:152:17)
    at E:\1. My App\React\ePeLARA\backend\node_modules\router\index.js:295:15
    at processParams (E:\1. My App\React\ePeLARA\backend\node_modules\router\index.js:582:12)
    at next (E:\1. My App\React\ePeLARA\backend\node_modules\router\index.js:291:5)
    at Function.handle (E:\1. My App\React\ePeLARA\backend\node_modules\router\index.js:186:3)
[2025-08-07 12:05:27] ERROR: GET /api/cascading?jenis_dokumen=rpjmd&tahun=2025&limit=9999 → getPeriodeFromTahun is not defined
[2025-08-07 12:05:27] ERROR: 2025-08-07T03:05:27.915Z - ReferenceError: getPeriodeFromTahun is not defined
    at exports.list (E:\1. My App\React\ePeLARA\backend\controllers\cascadingController.js:69:19)
    at Layer.handleRequest (E:\1. My App\React\ePeLARA\backend\node_modules\router\lib\layer.js:152:17)
    at next (E:\1. My App\React\ePeLARA\backend\node_modules\router\lib\route.js:157:13)
    at E:\1. My App\React\ePeLARA\backend\middlewares\allowRoles.js:35:7
    at Layer.handleRequest (E:\1. My App\React\ePeLARA\backend\node_modules\router\lib\layer.js:152:17)
    at next (E:\1. My App\React\ePeLARA\backend\node_modules\router\lib\route.js:157:13)
    at verifyToken (E:\1. My App\React\ePeLARA\backend\middlewares\verifyToken.js:32:5)
    at Layer.handleRequest (E:\1. My App\React\ePeLARA\backend\node_modules\router\lib\layer.js:152:17)
    at next (E:\1. My App\React\ePeLARA\backend\node_modules\router\lib\route.js:157:13)
    at Route.dispatch (E:\1. My App\React\ePeLARA\backend\node_modules\router\lib\route.js:117:3)
    at handle (E:\1. My App\React\ePeLARA\backend\node_modules\router\index.js:435:11)
    at Layer.handleRequest (E:\1. My App\React\ePeLARA\backend\node_modules\router\lib\layer.js:152:17)
    at E:\1. My App\React\ePeLARA\backend\node_modules\router\index.js:295:15
    at processParams (E:\1. My App\React\ePeLARA\backend\node_modules\router\index.js:582:12)
    at next (E:\1. My App\React\ePeLARA\backend\node_modules\router\index.js:291:5)
    at Function.handle (E:\1. My App\React\ePeLARA\backend\node_modules\router\index.js:186:3)
[2025-08-07 12:05:27] ERROR: GET /api/cascading?limit=1&jenis_dokumen=rpjmd&tahun=2025&periode_id=2 → getPeriodeFromTahun is not defined
[2025-08-07 12:07:00] ERROR: 2025-08-07T03:07:00.103Z - ReferenceError: getPeriodeFromTahun is not defined
    at exports.list (E:\1. My App\React\ePeLARA\backend\controllers\cascadingController.js:69:19)
    at Layer.handleRequest (E:\1. My App\React\ePeLARA\backend\node_modules\router\lib\layer.js:152:17)
    at next (E:\1. My App\React\ePeLARA\backend\node_modules\router\lib\route.js:157:13)
    at E:\1. My App\React\ePeLARA\backend\middlewares\allowRoles.js:35:7
    at Layer.handleRequest (E:\1. My App\React\ePeLARA\backend\node_modules\router\lib\layer.js:152:17)
    at next (E:\1. My App\React\ePeLARA\backend\node_modules\router\lib\route.js:157:13)
    at verifyToken (E:\1. My App\React\ePeLARA\backend\middlewares\verifyToken.js:32:5)
    at Layer.handleRequest (E:\1. My App\React\ePeLARA\backend\node_modules\router\lib\layer.js:152:17)
    at next (E:\1. My App\React\ePeLARA\backend\node_modules\router\lib\route.js:157:13)
    at Route.dispatch (E:\1. My App\React\ePeLARA\backend\node_modules\router\lib\route.js:117:3)
    at handle (E:\1. My App\React\ePeLARA\backend\node_modules\router\index.js:435:11)
    at Layer.handleRequest (E:\1. My App\React\ePeLARA\backend\node_modules\router\lib\layer.js:152:17)
    at E:\1. My App\React\ePeLARA\backend\node_modules\router\index.js:295:15
    at processParams (E:\1. My App\React\ePeLARA\backend\node_modules\router\index.js:582:12)
    at next (E:\1. My App\React\ePeLARA\backend\node_modules\router\index.js:291:5)
    at Function.handle (E:\1. My App\React\ePeLARA\backend\node_modules\router\index.js:186:3)
[2025-08-07 12:07:00] ERROR: GET /api/cascading?jenis_dokumen=rpjmd&tahun=2025&limit=9999 → getPeriodeFromTahun is not defined
[2025-08-07 12:07:00] ERROR: 2025-08-07T03:07:00.112Z - ReferenceError: getPeriodeFromTahun is not defined
    at exports.list (E:\1. My App\React\ePeLARA\backend\controllers\cascadingController.js:69:19)
    at Layer.handleRequest (E:\1. My App\React\ePeLARA\backend\node_modules\router\lib\layer.js:152:17)
    at next (E:\1. My App\React\ePeLARA\backend\node_modules\router\lib\route.js:157:13)
    at E:\1. My App\React\ePeLARA\backend\middlewares\allowRoles.js:35:7
    at Layer.handleRequest (E:\1. My App\React\ePeLARA\backend\node_modules\router\lib\layer.js:152:17)
    at next (E:\1. My App\React\ePeLARA\backend\node_modules\router\lib\route.js:157:13)
    at verifyToken (E:\1. My App\React\ePeLARA\backend\middlewares\verifyToken.js:32:5)
    at Layer.handleRequest (E:\1. My App\React\ePeLARA\backend\node_modules\router\lib\layer.js:152:17)
    at next (E:\1. My App\React\ePeLARA\backend\node_modules\router\lib\route.js:157:13)
    at Route.dispatch (E:\1. My App\React\ePeLARA\backend\node_modules\router\lib\route.js:117:3)
    at handle (E:\1. My App\React\ePeLARA\backend\node_modules\router\index.js:435:11)
    at Layer.handleRequest (E:\1. My App\React\ePeLARA\backend\node_modules\router\lib\layer.js:152:17)
    at E:\1. My App\React\ePeLARA\backend\node_modules\router\index.js:295:15
    at processParams (E:\1. My App\React\ePeLARA\backend\node_modules\router\index.js:582:12)
    at next (E:\1. My App\React\ePeLARA\backend\node_modules\router\index.js:291:5)
    at Function.handle (E:\1. My App\React\ePeLARA\backend\node_modules\router\index.js:186:3)
[2025-08-07 12:07:00] ERROR: GET /api/cascading?jenis_dokumen=rpjmd&tahun=2025&limit=9999 → getPeriodeFromTahun is not defined
[2025-08-26 21:08:45] ERROR: 2025-08-26T12:08:45.570Z - Error
    at Query.run (E:\1. My App\React\ePeLARA\backend\node_modules\sequelize\lib\dialects\mysql\query.js:52:25)
    at E:\1. My App\React\ePeLARA\backend\node_modules\sequelize\lib\sequelize.js:315:28
    at process.processTicksAndRejections (node:internal/process/task_queues:95:5)
    at async MySQLQueryInterface.select (E:\1. My App\React\ePeLARA\backend\node_modules\sequelize\lib\dialects\abstract\query-interface.js:407:12)
    at async IndikatorKegiatan.findAll (E:\1. My App\React\ePeLARA\backend\node_modules\sequelize\lib\model.js:1140:21)
    at async exports.getIndikatorKegiatan (E:\1. My App\React\ePeLARA\backend\controllers\renstra_indikatorController.js:218:16)
[2025-08-26 21:08:45] ERROR: GET /api/indikator-renstra/indikatorkegiatans?kegiatan_id=1.01.01.1.01 → Unknown column 'IndikatorKegiatan.kegiatan_id' in 'where clause'
[2025-08-26 21:08:51] ERROR: 2025-08-26T12:08:51.452Z - ReferenceError: SubKegiatan is not defined
    at exports.getIndikatorSubKegiatan (E:\1. My App\React\ePeLARA\backend\controllers\renstra_indikatorController.js:224:16)
    at Layer.handleRequest (E:\1. My App\React\ePeLARA\backend\node_modules\router\lib\layer.js:152:17)
    at next (E:\1. My App\React\ePeLARA\backend\node_modules\router\lib\route.js:157:13)
    at E:\1. My App\React\ePeLARA\backend\middlewares\allowRoles.js:35:7
    at Layer.handleRequest (E:\1. My App\React\ePeLARA\backend\node_modules\router\lib\layer.js:152:17)
    at next (E:\1. My App\React\ePeLARA\backend\node_modules\router\lib\route.js:157:13)
    at verifyToken (E:\1. My App\React\ePeLARA\backend\middlewares\verifyToken.js:32:5)
    at Layer.handleRequest (E:\1. My App\React\ePeLARA\backend\node_modules\router\lib\layer.js:152:17)
    at next (E:\1. My App\React\ePeLARA\backend\node_modules\router\lib\route.js:157:13)
    at Route.dispatch (E:\1. My App\React\ePeLARA\backend\node_modules\router\lib\route.js:117:3)
    at handle (E:\1. My App\React\ePeLARA\backend\node_modules\router\index.js:435:11)
    at Layer.handleRequest (E:\1. My App\React\ePeLARA\backend\node_modules\router\lib\layer.js:152:17)
    at E:\1. My App\React\ePeLARA\backend\node_modules\router\index.js:295:15
    at processParams (E:\1. My App\React\ePeLARA\backend\node_modules\router\index.js:582:12)
    at next (E:\1. My App\React\ePeLARA\backend\node_modules\router\index.js:291:5)
    at Function.handle (E:\1. My App\React\ePeLARA\backend\node_modules\router\index.js:186:3)
[2025-08-26 21:08:51] ERROR: GET /api/indikator-renstra/indikatorsubkegiatans?subkegiatan_id=1.01.01.1.01.0001 → SubKegiatan is not defined
[2026-02-24 15:49:05] ERROR: 2026-02-24T06:49:05.139Z - Error: The CORS policy for this site does not allow access from the specified Origin.
    at origin (E:\1-MyApp\React\ePeLARA\backend\server.js:32:11)
    at E:\1-MyApp\React\ePeLARA\backend\node_modules\cors\lib\index.js:219:13
    at optionsCallback (E:\1-MyApp\React\ePeLARA\backend\node_modules\cors\lib\index.js:199:9)
    at corsMiddleware (E:\1-MyApp\React\ePeLARA\backend\node_modules\cors\lib\index.js:204:7)
    at Layer.handleRequest (E:\1-MyApp\React\ePeLARA\backend\node_modules\router\lib\layer.js:152:17)
    at trimPrefix (E:\1-MyApp\React\ePeLARA\backend\node_modules\router\index.js:342:13)
    at E:\1-MyApp\React\ePeLARA\backend\node_modules\router\index.js:297:9
    at processParams (E:\1-MyApp\React\ePeLARA\backend\node_modules\router\index.js:582:12)
    at next (E:\1-MyApp\React\ePeLARA\backend\node_modules\router\index.js:291:5)
    at Function.handle (E:\1-MyApp\React\ePeLARA\backend\node_modules\router\index.js:186:3)
    at Function.handle (E:\1-MyApp\React\ePeLARA\backend\node_modules\express\lib\application.js:177:15)
    at Server.app (E:\1-MyApp\React\ePeLARA\backend\node_modules\express\lib\express.js:38:9)
    at Server.<anonymous> (E:\1-MyApp\React\ePeLARA\backend\node_modules\engine.io\build\server.js:647:34)
    at Server.<anonymous> (E:\1-MyApp\React\ePeLARA\backend\node_modules\socket.io\dist\index.js:325:28)
    at Server.emit (node:events:524:28)
    at parserOnIncoming (node:_http_server:1141:12)
[2026-02-24 15:49:05] ERROR: POST /api/auth/login → The CORS policy for this site does not allow access from the specified Origin.
